[04-Sep-2025 10:37:26 Europe/Berlin] PHP Warning:  require_once(db_connect.php): Failed to open stream: No such file or directory in C:\xampp\htdocs\website\admin\delete_album.php on line 11
[04-Sep-2025 10:37:26 Europe/Berlin] PHP Fatal error:  Uncaught Error: Failed opening required 'db_connect.php' (include_path='C:\xampp\php\PEAR') in C:\xampp\htdocs\website\admin\delete_album.php:11
Stack trace:
#0 {main}
  thrown in C:\xampp\htdocs\website\admin\delete_album.php on line 11
[04-Sep-2025 10:41:32 Europe/Berlin] PHP Warning:  require_once(db_connect.php): Failed to open stream: No such file or directory in C:\xampp\htdocs\website\admin\delete_album.php on line 11
[04-Sep-2025 10:41:32 Europe/Berlin] PHP Fatal error:  Uncaught Error: Failed opening required 'db_connect.php' (include_path='C:\xampp\php\PEAR') in C:\xampp\htdocs\website\admin\delete_album.php:11
Stack trace:
#0 {main}
  thrown in C:\xampp\htdocs\website\admin\delete_album.php on line 11
[04-Sep-2025 10:42:47 Europe/Berlin] PHP Warning:  require_once(db_connect.php): Failed to open stream: No such file or directory in C:\xampp\htdocs\website\admin\delete_album.php on line 17
[04-Sep-2025 10:42:47 Europe/Berlin] PHP Fatal error:  Uncaught Error: Failed opening required 'db_connect.php' (include_path='C:\xampp\php\PEAR') in C:\xampp\htdocs\website\admin\delete_album.php:17
Stack trace:
#0 {main}
  thrown in C:\xampp\htdocs\website\admin\delete_album.php on line 17
[04-Sep-2025 10:45:26 Europe/Berlin] PHP Warning:  require_once(db_connect.php): Failed to open stream: No such file or directory in C:\xampp\htdocs\website\admin\delete_album.php on line 16
[04-Sep-2025 10:45:26 Europe/Berlin] PHP Fatal error:  Uncaught Error: Failed opening required 'db_connect.php' (include_path='C:\xampp\php\PEAR') in C:\xampp\htdocs\website\admin\delete_album.php:16
Stack trace:
#0 {main}
  thrown in C:\xampp\htdocs\website\admin\delete_album.php on line 16
[04-Sep-2025 10:45:59 Europe/Berlin] PHP Warning:  require_once(db_connect.php): Failed to open stream: No such file or directory in C:\xampp\htdocs\website\admin\delete_album.php on line 16
[04-Sep-2025 10:45:59 Europe/Berlin] PHP Fatal error:  Uncaught Error: Failed opening required 'db_connect.php' (include_path='C:\xampp\php\PEAR') in C:\xampp\htdocs\website\admin\delete_album.php:16
Stack trace:
#0 {main}
  thrown in C:\xampp\htdocs\website\admin\delete_album.php on line 16
[04-Sep-2025 10:47:58 Europe/Berlin] PHP Warning:  require_once(db_connect.php): Failed to open stream: No such file or directory in C:\xampp\htdocs\website\admin\delete_album.php on line 16
[04-Sep-2025 10:47:58 Europe/Berlin] PHP Fatal error:  Uncaught Error: Failed opening required 'db_connect.php' (include_path='C:\xampp\php\PEAR') in C:\xampp\htdocs\website\admin\delete_album.php:16
Stack trace:
#0 {main}
  thrown in C:\xampp\htdocs\website\admin\delete_album.php on line 16
